[debug] [2022-11-17T09:47:25.374Z] ----------------------------------------------------------------------
[debug] [2022-11-17T09:47:25.378Z] Command:       C:\Program Files\nodejs\node.exe C:\Users\acer\AppData\Roaming\npm\node_modules\firebase-tools\lib\bin\firebase.js init
[debug] [2022-11-17T09:47:25.379Z] CLI Version:   11.16.0
[debug] [2022-11-17T09:47:25.379Z] Platform:      win32
[debug] [2022-11-17T09:47:25.379Z] Node Version:  v16.18.0
[debug] [2022-11-17T09:47:25.385Z] Time:          Thu Nov 17 2022 16:47:25 GMT+0700 (Waktu Indonesia Barat)
[debug] [2022-11-17T09:47:25.386Z] ----------------------------------------------------------------------
[debug] 
[debug] [2022-11-17T09:47:25.392Z] >>> [apiv2][query] GET https://firebase-public.firebaseio.com/cli.json [none]
[debug] [2022-11-17T09:47:25.535Z] > command requires scopes: ["email","openid","https://www.googleapis.com/auth/cloudplatformprojects.readonly","https://www.googleapis.com/auth/firebase","https://www.googleapis.com/auth/cloud-platform"]
[debug] [2022-11-17T09:47:25.536Z] > authorizing via signed-in user (danielandhika15@gmail.com)
[info] 
     ######## #### ########  ######## ########     ###     ######  ########
     ##        ##  ##     ## ##       ##     ##  ##   ##  ##       ##
     ######    ##  ########  ######   ########  #########  ######  ######
     ##        ##  ##    ##  ##       ##     ## ##     ##       ## ##
     ##       #### ##     ## ######## ########  ##     ##  ######  ########

You're about to initialize a Firebase project in this directory:

  C:\Users\acer\Documents\Coolyeah\Semester 5\Praktikum PPB\Modul 6\modul6-pwa2-kel19

Before we get started, keep in mind:

  * You are initializing within an existing Firebase project directory

[debug] [2022-11-17T09:47:26.143Z] <<< [apiv2][status] GET https://firebase-public.firebaseio.com/cli.json 200
[debug] [2022-11-17T09:47:26.144Z] <<< [apiv2][body] GET https://firebase-public.firebaseio.com/cli.json {"cloudBuildErrorAfter":1594252800000,"cloudBuildWarnAfter":1590019200000,"defaultNode10After":1594252800000,"minVersion":"3.0.5","node8DeploysDisabledAfter":1613390400000,"node8RuntimeDisabledAfter":1615809600000,"node8WarnAfter":1600128000000}
